{"D:\\Desktop\\Project\\habit-tracker-api\\src\\app.js": {"path":"D:\\Desktop\\Project\\habit-tracker-api\\src\\app.js","statementMap":{"0":{"start":{"line":1,"column":16},"end":{"line":1,"column":34}},"1":{"start":{"line":2,"column":20},"end":{"line":2,"column":51}},"2":{"start":{"line":4,"column":12},"end":{"line":4,"column":21}},"3":{"start":{"line":6,"column":0},"end":{"line":6,"column":24}},"4":{"start":{"line":7,"column":0},"end":{"line":7,"column":32}},"5":{"start":{"line":9,"column":0},"end":{"line":9,"column":21}}},"fnMap":{},"branchMap":{},"s":{"0":1,"1":1,"2":1,"3":1,"4":1,"5":1},"f":{},"b":{},"_coverageSchema":"1a1c01bbd47fc00a2c39e90264f33305004495a9","hash":"65e9955649c4bf5aff7ba01078ded137ef9cd279"}
,"D:\\Desktop\\Project\\habit-tracker-api\\src\\controllers\\habitController.js": {"path":"D:\\Desktop\\Project\\habit-tracker-api\\src\\controllers\\habitController.js","statementMap":{"0":{"start":{"line":1,"column":78},"end":{"line":1,"column":109}},"1":{"start":{"line":3,"column":30},"end":{"line":12,"column":1}},"2":{"start":{"line":4,"column":54},"end":{"line":4,"column":62}},"3":{"start":{"line":6,"column":2},"end":{"line":8,"column":3}},"4":{"start":{"line":7,"column":4},"end":{"line":7,"column":66}},"5":{"start":{"line":10,"column":16},"end":{"line":10,"column":68}},"6":{"start":{"line":11,"column":2},"end":{"line":11,"column":77}},"7":{"start":{"line":14,"column":27},"end":{"line":33,"column":1}},"8":{"start":{"line":15,"column":17},"end":{"line":15,"column":27}},"9":{"start":{"line":16,"column":19},"end":{"line":16,"column":27}},"10":{"start":{"line":18,"column":2},"end":{"line":20,"column":3}},"11":{"start":{"line":19,"column":4},"end":{"line":19,"column":67}},"12":{"start":{"line":22,"column":16},"end":{"line":22,"column":33}},"13":{"start":{"line":23,"column":2},"end":{"line":25,"column":3}},"14":{"start":{"line":24,"column":4},"end":{"line":24,"column":63}},"15":{"start":{"line":27,"column":17},"end":{"line":27,"column":43}},"16":{"start":{"line":28,"column":2},"end":{"line":30,"column":3}},"17":{"start":{"line":29,"column":4},"end":{"line":29,"column":57}},"18":{"start":{"line":32,"column":2},"end":{"line":32,"column":91}},"19":{"start":{"line":35,"column":28},"end":{"line":38,"column":1}},"20":{"start":{"line":36,"column":17},"end":{"line":36,"column":37}},"21":{"start":{"line":37,"column":2},"end":{"line":37,"column":31}},"22":{"start":{"line":40,"column":30},"end":{"line":49,"column":1}},"23":{"start":{"line":41,"column":17},"end":{"line":41,"column":27}},"24":{"start":{"line":43,"column":2},"end":{"line":45,"column":3}},"25":{"start":{"line":44,"column":4},"end":{"line":44,"column":63}},"26":{"start":{"line":47,"column":2},"end":{"line":47,"column":18}},"27":{"start":{"line":48,"column":2},"end":{"line":48,"column":67}},"28":{"start":{"line":51,"column":0},"end":{"line":56,"column":2}}},"fnMap":{"0":{"name":"(anonymous_0)","decl":{"start":{"line":3,"column":30},"end":{"line":3,"column":31}},"loc":{"start":{"line":3,"column":44},"end":{"line":12,"column":1}},"line":3},"1":{"name":"(anonymous_1)","decl":{"start":{"line":14,"column":27},"end":{"line":14,"column":28}},"loc":{"start":{"line":14,"column":41},"end":{"line":33,"column":1}},"line":14},"2":{"name":"(anonymous_2)","decl":{"start":{"line":35,"column":28},"end":{"line":35,"column":29}},"loc":{"start":{"line":35,"column":42},"end":{"line":38,"column":1}},"line":35},"3":{"name":"(anonymous_3)","decl":{"start":{"line":40,"column":30},"end":{"line":40,"column":31}},"loc":{"start":{"line":40,"column":44},"end":{"line":49,"column":1}},"line":40}},"branchMap":{"0":{"loc":{"start":{"line":6,"column":2},"end":{"line":8,"column":3}},"type":"if","locations":[{"start":{"line":6,"column":2},"end":{"line":8,"column":3}},{"start":{},"end":{}}],"line":6},"1":{"loc":{"start":{"line":6,"column":6},"end":{"line":6,"column":52}},"type":"binary-expr","locations":[{"start":{"line":6,"column":6},"end":{"line":6,"column":11}},{"start":{"line":6,"column":15},"end":{"line":6,"column":27}},{"start":{"line":6,"column":31},"end":{"line":6,"column":52}}],"line":6},"2":{"loc":{"start":{"line":18,"column":2},"end":{"line":20,"column":3}},"type":"if","locations":[{"start":{"line":18,"column":2},"end":{"line":20,"column":3}},{"start":{},"end":{}}],"line":18},"3":{"loc":{"start":{"line":18,"column":6},"end":{"line":18,"column":38}},"type":"binary-expr","locations":[{"start":{"line":18,"column":6},"end":{"line":18,"column":11}},{"start":{"line":18,"column":15},"end":{"line":18,"column":38}}],"line":18},"4":{"loc":{"start":{"line":23,"column":2},"end":{"line":25,"column":3}},"type":"if","locations":[{"start":{"line":23,"column":2},"end":{"line":25,"column":3}},{"start":{},"end":{}}],"line":23},"5":{"loc":{"start":{"line":28,"column":2},"end":{"line":30,"column":3}},"type":"if","locations":[{"start":{"line":28,"column":2},"end":{"line":30,"column":3}},{"start":{},"end":{}}],"line":28},"6":{"loc":{"start":{"line":43,"column":2},"end":{"line":45,"column":3}},"type":"if","locations":[{"start":{"line":43,"column":2},"end":{"line":45,"column":3}},{"start":{},"end":{}}],"line":43}},"s":{"0":1,"1":1,"2":3,"3":3,"4":0,"5":3,"6":3,"7":1,"8":1,"9":1,"10":1,"11":0,"12":1,"13":1,"14":0,"15":1,"16":1,"17":0,"18":1,"19":1,"20":1,"21":1,"22":1,"23":1,"24":1,"25":0,"26":1,"27":1,"28":1},"f":{"0":3,"1":1,"2":1,"3":1},"b":{"0":[0,3],"1":[3,3,3],"2":[0,1],"3":[1,1],"4":[0,1],"5":[0,1],"6":[0,1]},"_coverageSchema":"1a1c01bbd47fc00a2c39e90264f33305004495a9","hash":"95b5f1cb6bb5556c63c09e69882cda91f668c5f7"}
,"D:\\Desktop\\Project\\habit-tracker-api\\src\\models\\habitModel.js": {"path":"D:\\Desktop\\Project\\habit-tracker-api\\src\\models\\habitModel.js","statementMap":{"0":{"start":{"line":1,"column":15},"end":{"line":1,"column":17}},"1":{"start":{"line":2,"column":14},"end":{"line":2,"column":15}},"2":{"start":{"line":4,"column":20},"end":{"line":15,"column":1}},"3":{"start":{"line":5,"column":16},"end":{"line":12,"column":3}},"4":{"start":{"line":13,"column":2},"end":{"line":13,"column":21}},"5":{"start":{"line":14,"column":2},"end":{"line":14,"column":15}},"6":{"start":{"line":17,"column":22},"end":{"line":17,"column":69}},"7":{"start":{"line":17,"column":30},"end":{"line":17,"column":69}},"8":{"start":{"line":17,"column":47},"end":{"line":17,"column":68}},"9":{"start":{"line":19,"column":22},"end":{"line":26,"column":1}},"10":{"start":{"line":20,"column":2},"end":{"line":22,"column":3}},"11":{"start":{"line":21,"column":4},"end":{"line":21,"column":65}},"12":{"start":{"line":23,"column":2},"end":{"line":23,"column":24}},"13":{"start":{"line":24,"column":2},"end":{"line":24,"column":25}},"14":{"start":{"line":25,"column":2},"end":{"line":25,"column":15}},"15":{"start":{"line":28,"column":20},"end":{"line":35,"column":1}},"16":{"start":{"line":29,"column":16},"end":{"line":29,"column":60}},"17":{"start":{"line":29,"column":38},"end":{"line":29,"column":59}},"18":{"start":{"line":30,"column":2},"end":{"line":33,"column":3}},"19":{"start":{"line":31,"column":4},"end":{"line":31,"column":28}},"20":{"start":{"line":32,"column":4},"end":{"line":32,"column":16}},"21":{"start":{"line":34,"column":2},"end":{"line":34,"column":15}},"22":{"start":{"line":37,"column":18},"end":{"line":59,"column":1}},"23":{"start":{"line":38,"column":23},"end":{"line":38,"column":29}},"24":{"start":{"line":40,"column":2},"end":{"line":42,"column":3}},"25":{"start":{"line":41,"column":4},"end":{"line":41,"column":169}},"26":{"start":{"line":41,"column":48},"end":{"line":41,"column":167}},"27":{"start":{"line":44,"column":2},"end":{"line":46,"column":3}},"28":{"start":{"line":45,"column":4},"end":{"line":45,"column":77}},"29":{"start":{"line":45,"column":48},"end":{"line":45,"column":75}},"30":{"start":{"line":48,"column":16},"end":{"line":48,"column":37}},"31":{"start":{"line":49,"column":15},"end":{"line":49,"column":40}},"32":{"start":{"line":50,"column":16},"end":{"line":50,"column":43}},"33":{"start":{"line":51,"column":17},"end":{"line":51,"column":35}},"34":{"start":{"line":53,"column":2},"end":{"line":58,"column":4}},"35":{"start":{"line":61,"column":0},"end":{"line":67,"column":2}}},"fnMap":{"0":{"name":"(anonymous_0)","decl":{"start":{"line":4,"column":20},"end":{"line":4,"column":21}},"loc":{"start":{"line":4,"column":62},"end":{"line":15,"column":1}},"line":4},"1":{"name":"(anonymous_1)","decl":{"start":{"line":17,"column":22},"end":{"line":17,"column":23}},"loc":{"start":{"line":17,"column":30},"end":{"line":17,"column":69}},"line":17},"2":{"name":"(anonymous_2)","decl":{"start":{"line":17,"column":42},"end":{"line":17,"column":43}},"loc":{"start":{"line":17,"column":47},"end":{"line":17,"column":68}},"line":17},"3":{"name":"(anonymous_3)","decl":{"start":{"line":19,"column":22},"end":{"line":19,"column":23}},"loc":{"start":{"line":19,"column":39},"end":{"line":26,"column":1}},"line":19},"4":{"name":"(anonymous_4)","decl":{"start":{"line":28,"column":20},"end":{"line":28,"column":21}},"loc":{"start":{"line":28,"column":28},"end":{"line":35,"column":1}},"line":28},"5":{"name":"(anonymous_5)","decl":{"start":{"line":29,"column":33},"end":{"line":29,"column":34}},"loc":{"start":{"line":29,"column":38},"end":{"line":29,"column":59}},"line":29},"6":{"name":"(anonymous_6)","decl":{"start":{"line":37,"column":18},"end":{"line":37,"column":19}},"loc":{"start":{"line":37,"column":29},"end":{"line":59,"column":1}},"line":37},"7":{"name":"(anonymous_7)","decl":{"start":{"line":41,"column":43},"end":{"line":41,"column":44}},"loc":{"start":{"line":41,"column":48},"end":{"line":41,"column":167}},"line":41},"8":{"name":"(anonymous_8)","decl":{"start":{"line":45,"column":43},"end":{"line":45,"column":44}},"loc":{"start":{"line":45,"column":48},"end":{"line":45,"column":75}},"line":45}},"branchMap":{"0":{"loc":{"start":{"line":20,"column":2},"end":{"line":22,"column":3}},"type":"if","locations":[{"start":{"line":20,"column":2},"end":{"line":22,"column":3}},{"start":{},"end":{}}],"line":20},"1":{"loc":{"start":{"line":30,"column":2},"end":{"line":33,"column":3}},"type":"if","locations":[{"start":{"line":30,"column":2},"end":{"line":33,"column":3}},{"start":{},"end":{}}],"line":30},"2":{"loc":{"start":{"line":40,"column":2},"end":{"line":42,"column":3}},"type":"if","locations":[{"start":{"line":40,"column":2},"end":{"line":42,"column":3}},{"start":{},"end":{}}],"line":40},"3":{"loc":{"start":{"line":41,"column":48},"end":{"line":41,"column":167}},"type":"cond-expr","locations":[{"start":{"line":41,"column":81},"end":{"line":41,"column":123}},{"start":{"line":41,"column":126},"end":{"line":41,"column":167}}],"line":41},"4":{"loc":{"start":{"line":44,"column":2},"end":{"line":46,"column":3}},"type":"if","locations":[{"start":{"line":44,"column":2},"end":{"line":46,"column":3}},{"start":{},"end":{}}],"line":44},"5":{"loc":{"start":{"line":49,"column":15},"end":{"line":49,"column":40}},"type":"binary-expr","locations":[{"start":{"line":49,"column":15},"end":{"line":49,"column":35}},{"start":{"line":49,"column":39},"end":{"line":49,"column":40}}],"line":49},"6":{"loc":{"start":{"line":50,"column":16},"end":{"line":50,"column":43}},"type":"binary-expr","locations":[{"start":{"line":50,"column":16},"end":{"line":50,"column":37}},{"start":{"line":50,"column":41},"end":{"line":50,"column":43}}],"line":50}},"s":{"0":1,"1":1,"2":1,"3":3,"4":3,"5":3,"6":1,"7":2,"8":5,"9":1,"10":1,"11":0,"12":1,"13":1,"14":1,"15":1,"16":1,"17":3,"18":1,"19":1,"20":1,"21":0,"22":1,"23":1,"24":1,"25":0,"26":0,"27":1,"28":0,"29":0,"30":1,"31":1,"32":1,"33":1,"34":1,"35":1},"f":{"0":3,"1":2,"2":5,"3":1,"4":1,"5":3,"6":1,"7":0,"8":0},"b":{"0":[0,1],"1":[1,0],"2":[0,1],"3":[0,0],"4":[0,1],"5":[1,1],"6":[1,1]},"_coverageSchema":"1a1c01bbd47fc00a2c39e90264f33305004495a9","hash":"b75f7e2a474ea5e9aa7c6d3803dd62d436b91c1e"}
,"D:\\Desktop\\Project\\habit-tracker-api\\src\\routes\\habitRoutes.js": {"path":"D:\\Desktop\\Project\\habit-tracker-api\\src\\routes\\habitRoutes.js","statementMap":{"0":{"start":{"line":1,"column":16},"end":{"line":1,"column":34}},"1":{"start":{"line":2,"column":98},"end":{"line":2,"column":139}},"2":{"start":{"line":4,"column":15},"end":{"line":4,"column":31}},"3":{"start":{"line":6,"column":0},"end":{"line":6,"column":40}},"4":{"start":{"line":7,"column":0},"end":{"line":7,"column":44}},"5":{"start":{"line":8,"column":0},"end":{"line":8,"column":37}},"6":{"start":{"line":9,"column":0},"end":{"line":9,"column":45}},"7":{"start":{"line":11,"column":0},"end":{"line":11,"column":24}}},"fnMap":{},"branchMap":{},"s":{"0":1,"1":1,"2":1,"3":1,"4":1,"5":1,"6":1,"7":1},"f":{},"b":{},"_coverageSchema":"1a1c01bbd47fc00a2c39e90264f33305004495a9","hash":"0b569ebf9bd66fa36cf10f39199ebc2a541a9e8b"}
}
